

*******************************************************************************
Fri Jun 21 10:33:56 2024


FIT:    data read from "Out_time.txt" using 1:2
        format = x:z
        #datapoints = 120
        residuals are weighted equally (unit weight)

function used for fitting: f(x)
	f(n) = a*n*n*n
fitted parameters initialized with current variable values

Warning: Initial value of parameter 'a' is zero.
iter      chisq       delta/lim  lambda   a            
   0 6.9157035784e+00   0.00e+00  8.28e+07    1.000000e-30
   3 1.2957628267e-02  -2.53e-05  8.28e+04    2.895486e-09

After 3 iterations the fit converged.
final sum of squares of residuals : 0.0129576
rel. change during last iteration : -2.52633e-10

degrees of freedom    (FIT_NDF)                        : 119
rms of residuals      (FIT_STDFIT) = sqrt(WSSR/ndf)    : 0.0104349
variance of residuals (reduced chisquare) = WSSR/ndf   : 0.000108888

Final set of parameters            Asymptotic Standard Error
=======================            ==========================
a               = 2.89549e-09      +/- 1.15e-11     (0.3972%)


*******************************************************************************
Fri Jun 21 10:34:53 2024


FIT:    data read from "Out_time.txt" using 1:2
        format = x:z
        #datapoints = 120
        residuals are weighted equally (unit weight)

function used for fitting: f(x)
	f(n) = a*n*n*n
fitted parameters initialized with current variable values

Warning: Initial value of parameter 'a' is zero.
iter      chisq       delta/lim  lambda   a            
   0 6.9157035784e+00   0.00e+00  8.28e+07    1.000000e-30
   3 1.2957628267e-02  -2.53e-05  8.28e+04    2.895486e-09

After 3 iterations the fit converged.
final sum of squares of residuals : 0.0129576
rel. change during last iteration : -2.52633e-10

degrees of freedom    (FIT_NDF)                        : 119
rms of residuals      (FIT_STDFIT) = sqrt(WSSR/ndf)    : 0.0104349
variance of residuals (reduced chisquare) = WSSR/ndf   : 0.000108888

Final set of parameters            Asymptotic Standard Error
=======================            ==========================
a               = 2.89549e-09      +/- 1.15e-11     (0.3972%)


*******************************************************************************
Fri Jun 21 10:35:55 2024


FIT:    data read from "Out_time.txt" using 1:2
        format = x:z
        #datapoints = 120
        residuals are weighted equally (unit weight)

function used for fitting: f(x)
	f(n) = a*n*n*n
fitted parameters initialized with current variable values

Warning: Initial value of parameter 'a' is zero.
iter      chisq       delta/lim  lambda   a            
   0 6.9157035784e+00   0.00e+00  8.28e+07    1.000000e-30
   3 1.2957628267e-02  -2.53e-05  8.28e+04    2.895486e-09

After 3 iterations the fit converged.
final sum of squares of residuals : 0.0129576
rel. change during last iteration : -2.52633e-10

degrees of freedom    (FIT_NDF)                        : 119
rms of residuals      (FIT_STDFIT) = sqrt(WSSR/ndf)    : 0.0104349
variance of residuals (reduced chisquare) = WSSR/ndf   : 0.000108888

Final set of parameters            Asymptotic Standard Error
=======================            ==========================
a               = 2.89549e-09      +/- 1.15e-11     (0.3972%)


*******************************************************************************
Fri Jun 21 10:36:09 2024


FIT:    data read from "Out_time.txt" using 1:2
        format = x:z
        #datapoints = 120
        residuals are weighted equally (unit weight)

function used for fitting: f(x)
	f(n) = a*n*n*n
fitted parameters initialized with current variable values

Warning: Initial value of parameter 'a' is zero.
iter      chisq       delta/lim  lambda   a            
   0 6.9157035784e+00   0.00e+00  8.28e+07    1.000000e-30
   3 1.2957628267e-02  -2.53e-05  8.28e+04    2.895486e-09

After 3 iterations the fit converged.
final sum of squares of residuals : 0.0129576
rel. change during last iteration : -2.52633e-10

degrees of freedom    (FIT_NDF)                        : 119
rms of residuals      (FIT_STDFIT) = sqrt(WSSR/ndf)    : 0.0104349
variance of residuals (reduced chisquare) = WSSR/ndf   : 0.000108888

Final set of parameters            Asymptotic Standard Error
=======================            ==========================
a               = 2.89549e-09      +/- 1.15e-11     (0.3972%)


*******************************************************************************
Fri Jun 21 10:36:30 2024


FIT:    data read from "Out_time.txt" using 1:2
        format = x:z
        #datapoints = 120
        residuals are weighted equally (unit weight)

function used for fitting: f(x)
	f(n) = a*n*n*n
fitted parameters initialized with current variable values

Warning: Initial value of parameter 'a' is zero.
iter      chisq       delta/lim  lambda   a            
   0 6.9157035784e+00   0.00e+00  8.28e+07    1.000000e-30
   3 1.2957628267e-02  -2.53e-05  8.28e+04    2.895486e-09

After 3 iterations the fit converged.
final sum of squares of residuals : 0.0129576
rel. change during last iteration : -2.52633e-10

degrees of freedom    (FIT_NDF)                        : 119
rms of residuals      (FIT_STDFIT) = sqrt(WSSR/ndf)    : 0.0104349
variance of residuals (reduced chisquare) = WSSR/ndf   : 0.000108888

Final set of parameters            Asymptotic Standard Error
=======================            ==========================
a               = 2.89549e-09      +/- 1.15e-11     (0.3972%)


*******************************************************************************
Fri Jun 21 10:36:39 2024


FIT:    data read from "Out_time.txt" using 1:2
        format = x:z
        #datapoints = 120
        residuals are weighted equally (unit weight)

function used for fitting: f(x)
	f(n) = a*n*n*n
fitted parameters initialized with current variable values

Warning: Initial value of parameter 'a' is zero.
iter      chisq       delta/lim  lambda   a            
   0 6.9157035784e+00   0.00e+00  8.28e+07    1.000000e-30
   3 1.2957628267e-02  -2.53e-05  8.28e+04    2.895486e-09

After 3 iterations the fit converged.
final sum of squares of residuals : 0.0129576
rel. change during last iteration : -2.52633e-10

degrees of freedom    (FIT_NDF)                        : 119
rms of residuals      (FIT_STDFIT) = sqrt(WSSR/ndf)    : 0.0104349
variance of residuals (reduced chisquare) = WSSR/ndf   : 0.000108888

Final set of parameters            Asymptotic Standard Error
=======================            ==========================
a               = 2.89549e-09      +/- 1.15e-11     (0.3972%)


*******************************************************************************
Fri Jun 21 10:38:05 2024


FIT:    data read from "Out_time.txt" using 1:2
        format = x:z
        #datapoints = 120
        residuals are weighted equally (unit weight)

function used for fitting: f(x)
	f(n) = a*n*n*n
fitted parameters initialized with current variable values

Warning: Initial value of parameter 'a' is zero.
iter      chisq       delta/lim  lambda   a            
   0 6.9157035784e+00   0.00e+00  8.28e+07    1.000000e-30
   3 1.2957628267e-02  -2.53e-05  8.28e+04    2.895486e-09

After 3 iterations the fit converged.
final sum of squares of residuals : 0.0129576
rel. change during last iteration : -2.52633e-10

degrees of freedom    (FIT_NDF)                        : 119
rms of residuals      (FIT_STDFIT) = sqrt(WSSR/ndf)    : 0.0104349
variance of residuals (reduced chisquare) = WSSR/ndf   : 0.000108888

Final set of parameters            Asymptotic Standard Error
=======================            ==========================
a               = 2.89549e-09      +/- 1.15e-11     (0.3972%)


*******************************************************************************
Fri Jun 21 10:38:18 2024


FIT:    data read from "Out_time.txt" using 1:2
        format = x:z
        #datapoints = 120
        residuals are weighted equally (unit weight)

function used for fitting: f(x)
	f(n) = a*n*n*n
fitted parameters initialized with current variable values

Warning: Initial value of parameter 'a' is zero.
iter      chisq       delta/lim  lambda   a            
   0 6.9157035784e+00   0.00e+00  8.28e+07    1.000000e-30
   3 1.2957628267e-02  -2.53e-05  8.28e+04    2.895486e-09

After 3 iterations the fit converged.
final sum of squares of residuals : 0.0129576
rel. change during last iteration : -2.52633e-10

degrees of freedom    (FIT_NDF)                        : 119
rms of residuals      (FIT_STDFIT) = sqrt(WSSR/ndf)    : 0.0104349
variance of residuals (reduced chisquare) = WSSR/ndf   : 0.000108888

Final set of parameters            Asymptotic Standard Error
=======================            ==========================
a               = 2.89549e-09      +/- 1.15e-11     (0.3972%)


*******************************************************************************
Fri Jun 21 10:40:12 2024


FIT:    data read from "Out_time.txt" using 1:2
        format = x:z
        #datapoints = 120
        residuals are weighted equally (unit weight)

function used for fitting: f(x)
	f(n) = a*n*n*n
fitted parameters initialized with current variable values

Warning: Initial value of parameter 'a' is zero.
iter      chisq       delta/lim  lambda   a            
   0 6.9157035784e+00   0.00e+00  8.28e+07    1.000000e-30
   3 1.2957628267e-02  -2.53e-05  8.28e+04    2.895486e-09

After 3 iterations the fit converged.
final sum of squares of residuals : 0.0129576
rel. change during last iteration : -2.52633e-10

degrees of freedom    (FIT_NDF)                        : 119
rms of residuals      (FIT_STDFIT) = sqrt(WSSR/ndf)    : 0.0104349
variance of residuals (reduced chisquare) = WSSR/ndf   : 0.000108888

Final set of parameters            Asymptotic Standard Error
=======================            ==========================
a               = 2.89549e-09      +/- 1.15e-11     (0.3972%)


*******************************************************************************
Fri Jun 21 10:40:29 2024


FIT:    data read from "Out_time.txt" using 1:2
        format = x:z
        #datapoints = 120
        residuals are weighted equally (unit weight)

function used for fitting: f(x)
	f(n) = a*n*n*n
fitted parameters initialized with current variable values

Warning: Initial value of parameter 'a' is zero.
iter      chisq       delta/lim  lambda   a            
   0 6.9157035784e+00   0.00e+00  8.28e+07    1.000000e-30
   3 1.2957628267e-02  -2.53e-05  8.28e+04    2.895486e-09

After 3 iterations the fit converged.
final sum of squares of residuals : 0.0129576
rel. change during last iteration : -2.52633e-10

degrees of freedom    (FIT_NDF)                        : 119
rms of residuals      (FIT_STDFIT) = sqrt(WSSR/ndf)    : 0.0104349
variance of residuals (reduced chisquare) = WSSR/ndf   : 0.000108888

Final set of parameters            Asymptotic Standard Error
=======================            ==========================
a               = 2.89549e-09      +/- 1.15e-11     (0.3972%)


*******************************************************************************
Fri Jun 21 10:41:59 2024


FIT:    data read from "Out_time.txt" using 1:2
        format = x:z
        #datapoints = 120
        residuals are weighted equally (unit weight)

function used for fitting: f(x)
	f(n) = a*n*n*n
fitted parameters initialized with current variable values

Warning: Initial value of parameter 'a' is zero.
iter      chisq       delta/lim  lambda   a            
   0 6.9157035784e+00   0.00e+00  8.28e+07    1.000000e-30
   3 1.2957628267e-02  -2.53e-05  8.28e+04    2.895486e-09

After 3 iterations the fit converged.
final sum of squares of residuals : 0.0129576
rel. change during last iteration : -2.52633e-10

degrees of freedom    (FIT_NDF)                        : 119
rms of residuals      (FIT_STDFIT) = sqrt(WSSR/ndf)    : 0.0104349
variance of residuals (reduced chisquare) = WSSR/ndf   : 0.000108888

Final set of parameters            Asymptotic Standard Error
=======================            ==========================
a               = 2.89549e-09      +/- 1.15e-11     (0.3972%)


*******************************************************************************
Fri Jun 21 10:42:33 2024


FIT:    data read from "Out_time.txt" using 1:2
        format = x:z
        #datapoints = 120
        residuals are weighted equally (unit weight)

function used for fitting: f(x)
	f(n) = a*n*n*n
fitted parameters initialized with current variable values

Warning: Initial value of parameter 'a' is zero.
iter      chisq       delta/lim  lambda   a            
   0 6.9157035784e+00   0.00e+00  8.28e+07    1.000000e-30
   3 1.2957628267e-02  -2.53e-05  8.28e+04    2.895486e-09

After 3 iterations the fit converged.
final sum of squares of residuals : 0.0129576
rel. change during last iteration : -2.52633e-10

degrees of freedom    (FIT_NDF)                        : 119
rms of residuals      (FIT_STDFIT) = sqrt(WSSR/ndf)    : 0.0104349
variance of residuals (reduced chisquare) = WSSR/ndf   : 0.000108888

Final set of parameters            Asymptotic Standard Error
=======================            ==========================
a               = 2.89549e-09      +/- 1.15e-11     (0.3972%)


*******************************************************************************
Fri Jun 21 10:42:51 2024


FIT:    data read from "Out_time.txt" using 1:2
        format = x:z
        #datapoints = 120
        residuals are weighted equally (unit weight)

function used for fitting: f(x)
	f(n) = a*n*n*n
fitted parameters initialized with current variable values

Warning: Initial value of parameter 'a' is zero.
iter      chisq       delta/lim  lambda   a            
   0 6.9157035784e+00   0.00e+00  8.28e+07    1.000000e-30
   3 1.2957628267e-02  -2.53e-05  8.28e+04    2.895486e-09

After 3 iterations the fit converged.
final sum of squares of residuals : 0.0129576
rel. change during last iteration : -2.52633e-10

degrees of freedom    (FIT_NDF)                        : 119
rms of residuals      (FIT_STDFIT) = sqrt(WSSR/ndf)    : 0.0104349
variance of residuals (reduced chisquare) = WSSR/ndf   : 0.000108888

Final set of parameters            Asymptotic Standard Error
=======================            ==========================
a               = 2.89549e-09      +/- 1.15e-11     (0.3972%)


*******************************************************************************
Fri Jun 21 10:45:04 2024


FIT:    data read from "Out_time.txt" using 1:2
        format = x:z
        #datapoints = 120
        residuals are weighted equally (unit weight)

function used for fitting: f(x)
	f(n) = a*n*n*n
fitted parameters initialized with current variable values

Warning: Initial value of parameter 'a' is zero.
iter      chisq       delta/lim  lambda   a            
   0 6.9157035784e+00   0.00e+00  8.28e+07    1.000000e-30
   3 1.2957628267e-02  -2.53e-05  8.28e+04    2.895486e-09

After 3 iterations the fit converged.
final sum of squares of residuals : 0.0129576
rel. change during last iteration : -2.52633e-10

degrees of freedom    (FIT_NDF)                        : 119
rms of residuals      (FIT_STDFIT) = sqrt(WSSR/ndf)    : 0.0104349
variance of residuals (reduced chisquare) = WSSR/ndf   : 0.000108888

Final set of parameters            Asymptotic Standard Error
=======================            ==========================
a               = 2.89549e-09      +/- 1.15e-11     (0.3972%)


*******************************************************************************
Fri Jun 21 10:51:51 2024


FIT:    data read from "Out_time.txt" using 1:2
        format = x:z
        #datapoints = 120
        residuals are weighted equally (unit weight)

function used for fitting: f(x)
	f(n) = a*n*n*n
fitted parameters initialized with current variable values

Warning: Initial value of parameter 'a' is zero.
iter      chisq       delta/lim  lambda   a            
   0 6.9157035784e+00   0.00e+00  8.28e+07    1.000000e-30
   3 1.2957628267e-02  -2.53e-05  8.28e+04    2.895486e-09

After 3 iterations the fit converged.
final sum of squares of residuals : 0.0129576
rel. change during last iteration : -2.52633e-10

degrees of freedom    (FIT_NDF)                        : 119
rms of residuals      (FIT_STDFIT) = sqrt(WSSR/ndf)    : 0.0104349
variance of residuals (reduced chisquare) = WSSR/ndf   : 0.000108888

Final set of parameters            Asymptotic Standard Error
=======================            ==========================
a               = 2.89549e-09      +/- 1.15e-11     (0.3972%)


*******************************************************************************
Fri Jun 21 10:53:19 2024


FIT:    data read from "Out_time.txt" using 1:2
        format = x:z
        #datapoints = 120
        residuals are weighted equally (unit weight)

function used for fitting: f(x)
	f(n) = a*n*n*n
fitted parameters initialized with current variable values

Warning: Initial value of parameter 'a' is zero.
iter      chisq       delta/lim  lambda   a            
   0 6.9157035784e+00   0.00e+00  8.28e+07    1.000000e-30
   3 1.2957628267e-02  -2.53e-05  8.28e+04    2.895486e-09

After 3 iterations the fit converged.
final sum of squares of residuals : 0.0129576
rel. change during last iteration : -2.52633e-10

degrees of freedom    (FIT_NDF)                        : 119
rms of residuals      (FIT_STDFIT) = sqrt(WSSR/ndf)    : 0.0104349
variance of residuals (reduced chisquare) = WSSR/ndf   : 0.000108888

Final set of parameters            Asymptotic Standard Error
=======================            ==========================
a               = 2.89549e-09      +/- 1.15e-11     (0.3972%)


*******************************************************************************
Fri Jun 21 10:54:13 2024


FIT:    data read from "Out_time.txt" using 1:2
        format = x:z
        #datapoints = 120
        residuals are weighted equally (unit weight)

function used for fitting: f(x)
	f(n) = a*n*n*n
fitted parameters initialized with current variable values

Warning: Initial value of parameter 'a' is zero.
iter      chisq       delta/lim  lambda   a            
   0 7.2239153501e+00   0.00e+00  8.28e+07    1.000000e-30
   3 1.8725804060e-02  -1.82e-05  8.28e+04    2.958239e-09

After 3 iterations the fit converged.
final sum of squares of residuals : 0.0187258
rel. change during last iteration : -1.82473e-10

degrees of freedom    (FIT_NDF)                        : 119
rms of residuals      (FIT_STDFIT) = sqrt(WSSR/ndf)    : 0.0125443
variance of residuals (reduced chisquare) = WSSR/ndf   : 0.00015736

Final set of parameters            Asymptotic Standard Error
=======================            ==========================
a               = 2.95824e-09      +/- 1.382e-11    (0.4673%)
