

*******************************************************************************
Wed May 15 13:57:53 2024


FIT:    data read from "out.times.txt" using 1:2
        format = x:z
        #datapoints = 61
        residuals are weighted equally (unit weight)

function used for fitting: f(x)
	f(n) = a*n*n*n
fitted parameters initialized with current variable values

iter      chisq       delta/lim  lambda   a            
   0 4.8882547684e+16   0.00e+00  2.83e+07    1.000000e+00
   4 2.4260211090e+03  -3.78e-05  2.83e+03    9.965896e-07

After 4 iterations the fit converged.
final sum of squares of residuals : 2426.02
rel. change during last iteration : -3.78454e-10

degrees of freedom    (FIT_NDF)                        : 60
rms of residuals      (FIT_STDFIT) = sqrt(WSSR/ndf)    : 6.35875
variance of residuals (reduced chisquare) = WSSR/ndf   : 40.4337

Final set of parameters            Asymptotic Standard Error
=======================            ==========================
a               = 9.9659e-07       +/- 2.876e-08    (2.886%)


*******************************************************************************
Wed May 15 14:06:52 2024


FIT:    data read from "out.times.txt" using 1:2
        format = x:z
        #datapoints = 61
        residuals are weighted equally (unit weight)

function used for fitting: f(x)
	f(n) = a*n*n*n
fitted parameters initialized with current variable values

iter      chisq       delta/lim  lambda   a            
   0 4.8882546513e+16   0.00e+00  2.83e+07    1.000000e+00
   4 2.4266463746e+03  -3.78e-05  2.83e+03    1.008572e-06

After 4 iterations the fit converged.
final sum of squares of residuals : 2426.65
rel. change during last iteration : -3.78356e-10

degrees of freedom    (FIT_NDF)                        : 60
rms of residuals      (FIT_STDFIT) = sqrt(WSSR/ndf)    : 6.35957
variance of residuals (reduced chisquare) = WSSR/ndf   : 40.4441

Final set of parameters            Asymptotic Standard Error
=======================            ==========================
a               = 1.00857e-06      +/- 2.876e-08    (2.852%)


*******************************************************************************
Wed May 15 14:07:43 2024


FIT:    data read from "out.times.txt" using 1:2
        format = x:z
        #datapoints = 41
        residuals are weighted equally (unit weight)

function used for fitting: f(x)
	f(n) = a*n*n*n
fitted parameters initialized with current variable values

iter      chisq       delta/lim  lambda   a            
   0 6.6167536409e+15   0.00e+00  1.27e+07    1.000000e+00
   4 2.2857896552e+02  -5.80e-04  1.27e+03    7.634488e-07

After 4 iterations the fit converged.
final sum of squares of residuals : 228.579
rel. change during last iteration : -5.80444e-09

degrees of freedom    (FIT_NDF)                        : 40
rms of residuals      (FIT_STDFIT) = sqrt(WSSR/ndf)    : 2.3905
variance of residuals (reduced chisquare) = WSSR/ndf   : 5.71447

Final set of parameters            Asymptotic Standard Error
=======================            ==========================
a               = 7.63449e-07      +/- 2.939e-08    (3.849%)


*******************************************************************************
Wed May 15 14:08:24 2024


FIT:    data read from "out.times.txt" using 1:2
        format = x:z
        #datapoints = 41
        residuals are weighted equally (unit weight)

function used for fitting: f(x)
	f(n) = a*n*n*n
fitted parameters initialized with current variable values

iter      chisq       delta/lim  lambda   a            
   0 1.8683553017e+15   0.00e+00  6.75e+06    1.000000e+00
   4 6.3904085898e+01  -5.86e-04  6.75e+02    6.452487e-07

After 4 iterations the fit converged.
final sum of squares of residuals : 63.9041
rel. change during last iteration : -5.8625e-09

degrees of freedom    (FIT_NDF)                        : 40
rms of residuals      (FIT_STDFIT) = sqrt(WSSR/ndf)    : 1.26396
variance of residuals (reduced chisquare) = WSSR/ndf   : 1.5976

Final set of parameters            Asymptotic Standard Error
=======================            ==========================
a               = 6.45249e-07      +/- 2.924e-08    (4.532%)


*******************************************************************************
Wed May 15 14:10:33 2024


FIT:    data read from "out.times.txt" using 1:2
        format = x:z
        #datapoints = 41
        residuals are weighted equally (unit weight)

function used for fitting: f(x)
	f(n) = a*n*n*n
fitted parameters initialized with current variable values

iter      chisq       delta/lim  lambda   a            
   0 7.6527750542e+12   0.00e+00  4.32e+05    1.000000e+00
   4 8.4593065837e+00  -1.81e-05  4.32e+01    1.185025e-06

After 4 iterations the fit converged.
final sum of squares of residuals : 8.45931
rel. change during last iteration : -1.814e-10

degrees of freedom    (FIT_NDF)                        : 40
rms of residuals      (FIT_STDFIT) = sqrt(WSSR/ndf)    : 0.459872
variance of residuals (reduced chisquare) = WSSR/ndf   : 0.211483

Final set of parameters            Asymptotic Standard Error
=======================            ==========================
a               = 1.18502e-06      +/- 1.662e-07    (14.03%)


*******************************************************************************
Wed May 15 14:19:30 2024


FIT:    data read from "out.times.txt" using 1:2
        format = x:z
        #datapoints = 21
        residuals are weighted equally (unit weight)

function used for fitting: f(x)
	f(n) = a*n*n*n
fitted parameters initialized with current variable values

iter      chisq       delta/lim  lambda   a            
   0 6.3927943163e+16   0.00e+00  5.52e+07    1.000000e+00
   4 9.5903408007e+02  -7.07e-02  5.52e+03    1.162845e-06

After 4 iterations the fit converged.
final sum of squares of residuals : 959.034
rel. change during last iteration : -7.07484e-07

degrees of freedom    (FIT_NDF)                        : 20
rms of residuals      (FIT_STDFIT) = sqrt(WSSR/ndf)    : 6.92472
variance of residuals (reduced chisquare) = WSSR/ndf   : 47.9517

Final set of parameters            Asymptotic Standard Error
=======================            ==========================
a               = 1.16284e-06      +/- 2.739e-08    (2.355%)
